Using pre-set license
Built from '2020.3/staging' branch; Version is '2020.3.20f1 (41c4e627c95f) revision 4310246'; Using compiler version '192528614'; Build Type 'Release'
OS: 'Windows 10 Pro; OS build 19042.1237; Version 2009; 64bit' Language: 'pt' Physical Memory: 16244 MB
BatchMode: 1, IsHumanControllingUs: 0, StartBugReporterOnCrash: 0, Is64bit: 1, IsPro: 0

COMMAND LINE ARGUMENTS:
C:\Program Files\Unity\Hub\Editor\2020.3.20f1\Editor\Unity.exe
-adb2
-batchMode
-noUpm
-name
AssetImportWorker0
-projectPath
C:/Users/frps2/Documents/GitHub/Nova pasta/Projeto
-logFile
Logs/AssetImportWorker0.log
-srvPort
58993
Successfully changed project path to: C:/Users/frps2/Documents/GitHub/Nova pasta/Projeto
C:/Users/frps2/Documents/GitHub/Nova pasta/Projeto
Using Asset Import Pipeline V2.
Refreshing native plugins compatible for Editor in 56.60 ms, found 3 plugins.
Preloading 0 native plugins for Editor in 0.00 ms.
Initialize engine version: 2020.3.20f1 (41c4e627c95f)
[Subsystems] Discovering subsystems at path C:/Program Files/Unity/Hub/Editor/2020.3.20f1/Editor/Data/Resources/UnitySubsystems
[Subsystems] Discovering subsystems at path C:/Users/frps2/Documents/GitHub/Nova pasta/Projeto/Assets
GfxDevice: creating device client; threaded=0
Direct3D:
    Version:  Direct3D 11.0 [level 11.1]
    Renderer: NVIDIA GeForce GTX 960 (ID=0x1401)
    Vendor:   
    VRAM:     4053 MB
    Driver:   30.0.14.7212
Initialize mono
Mono path[0] = 'C:/Program Files/Unity/Hub/Editor/2020.3.20f1/Editor/Data/Managed'
Mono path[1] = 'C:/Program Files/Unity/Hub/Editor/2020.3.20f1/Editor/Data/MonoBleedingEdge/lib/mono/unityjit'
Mono config path = 'C:/Program Files/Unity/Hub/Editor/2020.3.20f1/Editor/Data/MonoBleedingEdge/etc'
Using monoOptions --debugger-agent=transport=dt_socket,embedding=1,server=y,suspend=n,address=127.0.0.1:56120
Begin MonoManager ReloadAssembly
Registering precompiled unity dll's ...
Register platform support module: C:/Program Files/Unity/Hub/Editor/2020.3.20f1/Editor/Data/PlaybackEngines/WindowsStandaloneSupport/UnityEditor.WindowsStandalone.Extensions.dll
Registered in 0.002312 seconds.
Native extension for WindowsStandalone target not found
Refreshing native plugins compatible for Editor in 45.07 ms, found 3 plugins.
Preloading 0 native plugins for Editor in 0.00 ms.
Mono: successfully reloaded assembly
- Completed reload, in  1.177 seconds
Domain Reload Profiling:
	ReloadAssembly (1177ms)
		BeginReloadAssembly (57ms)
			ExecutionOrderSort (0ms)
			DisableScriptedObjects (0ms)
			BackupInstance (0ms)
			ReleaseScriptingObjects (0ms)
			CreateAndSetChildDomain (1ms)
		EndReloadAssembly (418ms)
			LoadAssemblies (54ms)
			RebuildTransferFunctionScriptingTraits (0ms)
			SetupTypeCache (152ms)
			ReleaseScriptCaches (0ms)
			RebuildScriptCaches (32ms)
			SetupLoadedEditorAssemblies (168ms)
				LogAssemblyErrors (0ms)
				InitializePlatformSupportModulesInManaged (4ms)
				SetLoadedEditorAssemblies (0ms)
				RefreshPlugins (45ms)
				BeforeProcessingInitializeOnLoad (12ms)
				ProcessInitializeOnLoadAttributes (79ms)
				ProcessInitializeOnLoadMethodAttributes (28ms)
				AfterProcessingInitializeOnLoad (0ms)
				EditorAssembliesLoaded (0ms)
			ExecutionOrderSort2 (0ms)
			AwakeInstancesAfterBackupRestoration (0ms)
Platform modules already initialized, skipping
Registering precompiled user dll's ...
Registered in 0.004909 seconds.
Begin MonoManager ReloadAssembly
Native extension for WindowsStandalone target not found
Refreshing native plugins compatible for Editor in 51.92 ms, found 3 plugins.
Preloading 0 native plugins for Editor in 0.00 ms.
Mono: successfully reloaded assembly
- Completed reload, in  1.177 seconds
Domain Reload Profiling:
	ReloadAssembly (1178ms)
		BeginReloadAssembly (145ms)
			ExecutionOrderSort (0ms)
			DisableScriptedObjects (4ms)
			BackupInstance (0ms)
			ReleaseScriptingObjects (0ms)
			CreateAndSetChildDomain (19ms)
		EndReloadAssembly (970ms)
			LoadAssemblies (93ms)
			RebuildTransferFunctionScriptingTraits (0ms)
			SetupTypeCache (298ms)
			ReleaseScriptCaches (0ms)
			RebuildScriptCaches (54ms)
			SetupLoadedEditorAssemblies (392ms)
				LogAssemblyErrors (0ms)
				InitializePlatformSupportModulesInManaged (5ms)
				SetLoadedEditorAssemblies (0ms)
				RefreshPlugins (52ms)
				BeforeProcessingInitializeOnLoad (91ms)
				ProcessInitializeOnLoadAttributes (221ms)
				ProcessInitializeOnLoadMethodAttributes (16ms)
				AfterProcessingInitializeOnLoad (8ms)
				EditorAssembliesLoaded (0ms)
			ExecutionOrderSort2 (0ms)
			AwakeInstancesAfterBackupRestoration (7ms)
Platform modules already initialized, skipping
========================================================================
Worker process is ready to serve import requests
Launched and connected shader compiler UnityShaderCompiler.exe after 0.08 seconds
Refreshing native plugins compatible for Editor in 0.48 ms, found 3 plugins.
Preloading 0 native plugins for Editor in 0.00 ms.
Unloading 2286 Unused Serialized files (Serialized files now loaded: 0)
System memory in use before: 119.2 MB.
System memory in use after: 119.3 MB.

Unloading 29 unused Assets to reduce memory usage. Loaded Objects now: 2752.
Total: 3.431800 ms (FindLiveObjects: 0.218900 ms CreateObjectMapping: 0.107900 ms MarkObjects: 2.983700 ms  DeleteObjects: 0.120400 ms)

AssetImportParameters requested are different than current active one (requested -> active):
  custom:framework-win-MediaFoundation: 216162199b28c13a410421893ffa2e32 -> 
  custom:video-decoder-ogg-theora: a1e56fd34408186e4bbccfd4996cb3dc -> 
  custom:container-muxer-webm: aa71ff27fc2769a1b78a27578f13a17b -> 
  custom:container-demuxer-webm: 4f35f7cbe854078d1ac9338744f61a02 -> 
  custom:container-demuxer-ogg: 62fdf1f143b41e24485cea50d1cbac27 -> 
  custom:video-encoder-webm-vp8: eb34c28f22e8b96e1ab97ce403110664 -> 
  custom:video-decoder-webm-vp8: 9c59270c3fd7afecdb556c50c9e8de78 -> 
  custom:audio-decoder-ogg-vorbis: bf7c407c2cedff20999df2af8eb42d56 -> 
  custom:audio-encoder-webm-vorbis: bf7c407c2cedff20999df2af8eb42d56 -> 
========================================================================
Received Import Request.
  path: Assets/Potions/Buff/Damage/% Bonus/Atk % Up POT.asset
  artifactKey: Guid(744ea7c7a25af234eb3f624b2c1011c2) Importer(815301076,1909f56bfc062723c751e8b465ee728b)
Start importing Assets/Potions/Buff/Damage/% Bonus/Atk % Up POT.asset using Guid(744ea7c7a25af234eb3f624b2c1011c2) Importer(815301076,1909f56bfc062723c751e8b465ee728b)  -> (artifact id: '021fb2e97296940b99c71330f8dc2112') in 0.040356 seconds 
  Import took 0.044055 seconds .

========================================================================
Received Import Request.
  Time since last request: 0.000280 seconds.
  path: Assets/Potions/Buff/Damage/% Bonus/Fogo e Planta Bom.asset
  artifactKey: Guid(d3e35e3173808d34f8f05f63899d6f16) Importer(815301076,1909f56bfc062723c751e8b465ee728b)
Start importing Assets/Potions/Buff/Damage/% Bonus/Fogo e Planta Bom.asset using Guid(d3e35e3173808d34f8f05f63899d6f16) Importer(815301076,1909f56bfc062723c751e8b465ee728b)  -> (artifact id: '3d36170175051bdf36c6a45c4aa55e5c') in 0.008488 seconds 
  Import took 0.012380 seconds .

========================================================================
Received Import Request.
  Time since last request: 27.389228 seconds.
  path: Assets/Potions/Debuff/Damage/Damage Flat/Agua e Terra Ruim.asset
  artifactKey: Guid(50ccac1860805c5439e91074f2586b78) Importer(815301076,1909f56bfc062723c751e8b465ee728b)
Start importing Assets/Potions/Debuff/Damage/Damage Flat/Agua e Terra Ruim.asset using Guid(50ccac1860805c5439e91074f2586b78) Importer(815301076,1909f56bfc062723c751e8b465ee728b)  -> (artifact id: '6534bf23e910c76b29c720e120e54d38') in 0.010207 seconds 
  Import took 0.016202 seconds .

========================================================================
Received Import Request.
  Time since last request: 0.000321 seconds.
  path: Assets/Potions/Debuff/Damage/Damage Flat/Fogo e Terra Ruim.asset
  artifactKey: Guid(95cb1cf704228334bba760f505938c3a) Importer(815301076,1909f56bfc062723c751e8b465ee728b)
Start importing Assets/Potions/Debuff/Damage/Damage Flat/Fogo e Terra Ruim.asset using Guid(95cb1cf704228334bba760f505938c3a) Importer(815301076,1909f56bfc062723c751e8b465ee728b)  -> (artifact id: '7f9d72455790ec1e1bdd2a15e89ba1c5') in 0.008723 seconds 
  Import took 0.012594 seconds .

========================================================================
Received Import Request.
  Time since last request: 0.000348 seconds.
  path: Assets/Potions/Debuff/Damage/Damage Flat/Planta e Agua Ruim.asset
  artifactKey: Guid(c1da603bac9e28846930d82d1d08b88a) Importer(815301076,1909f56bfc062723c751e8b465ee728b)
Start importing Assets/Potions/Debuff/Damage/Damage Flat/Planta e Agua Ruim.asset using Guid(c1da603bac9e28846930d82d1d08b88a) Importer(815301076,1909f56bfc062723c751e8b465ee728b)  -> (artifact id: '271a7cb3dbfbca1c1c0be18fb2581fb7') in 0.007900 seconds 
  Import took 0.011565 seconds .

========================================================================
Received Import Request.
  Time since last request: 0.000318 seconds.
  path: Assets/Potions/Debuff/Damage/Damage Flat/Ar e Agua Ruim.asset
  artifactKey: Guid(2f5c51b691d285c44a9feac8f707059c) Importer(815301076,1909f56bfc062723c751e8b465ee728b)
Start importing Assets/Potions/Debuff/Damage/Damage Flat/Ar e Agua Ruim.asset using Guid(2f5c51b691d285c44a9feac8f707059c) Importer(815301076,1909f56bfc062723c751e8b465ee728b)  -> (artifact id: '7cbaf02ed88e73818d34672bf0e69fea') in 0.007152 seconds 
  Import took 0.010088 seconds .

========================================================================
Received Import Request.
  Time since last request: 0.000332 seconds.
  path: Assets/Potions/Debuff/Damage/Damage Flat/Damage Flat Delt.asset
  artifactKey: Guid(99db08503dccb9d49ab81450a3d2be2c) Importer(815301076,1909f56bfc062723c751e8b465ee728b)
Start importing Assets/Potions/Debuff/Damage/Damage Flat/Damage Flat Delt.asset using Guid(99db08503dccb9d49ab81450a3d2be2c) Importer(815301076,1909f56bfc062723c751e8b465ee728b)  -> (artifact id: '0c50c8effe59daad933aebc9ab15a790') in 0.010366 seconds 
  Import took 0.013598 seconds .

========================================================================
Received Import Request.
  Time since last request: 0.000319 seconds.
  path: Assets/Potions/Debuff/Damage/Damage Flat/Planta e Fogo Ruim.asset
  artifactKey: Guid(8dfbb73d1d781224681dcdc430598bf6) Importer(815301076,1909f56bfc062723c751e8b465ee728b)
Start importing Assets/Potions/Debuff/Damage/Damage Flat/Planta e Fogo Ruim.asset using Guid(8dfbb73d1d781224681dcdc430598bf6) Importer(815301076,1909f56bfc062723c751e8b465ee728b)  -> (artifact id: 'a186093d3bc081ce4d68e58ac75ba80f') in 0.007144 seconds 
  Import took 0.010139 seconds .

========================================================================
Received Import Request.
  Time since last request: 0.000332 seconds.
  path: Assets/Potions/Debuff/Damage/Damage Flat/Ar e Raio Ruim.asset
  artifactKey: Guid(7cdae5e3a3445754dab81cb71bf98df2) Importer(815301076,1909f56bfc062723c751e8b465ee728b)
Start importing Assets/Potions/Debuff/Damage/Damage Flat/Ar e Raio Ruim.asset using Guid(7cdae5e3a3445754dab81cb71bf98df2) Importer(815301076,1909f56bfc062723c751e8b465ee728b)  -> (artifact id: '06879f52a4151e73d06fc2e465d3f350') in 0.007424 seconds 
  Import took 0.010320 seconds .

========================================================================
Received Import Request.
  Time since last request: 0.000324 seconds.
  path: Assets/Potions/Debuff/Damage/Damage Flat/Planta e Raio Ruim.asset
  artifactKey: Guid(520a52eaa6063db439cf3dda7dc8d472) Importer(815301076,1909f56bfc062723c751e8b465ee728b)
Start importing Assets/Potions/Debuff/Damage/Damage Flat/Planta e Raio Ruim.asset using Guid(520a52eaa6063db439cf3dda7dc8d472) Importer(815301076,1909f56bfc062723c751e8b465ee728b)  -> (artifact id: '2cc3fbce6e2311e2a6e6684e423bc86a') in 0.008425 seconds 
  Import took 0.012552 seconds .

========================================================================
Received Import Request.
  Time since last request: 0.000316 seconds.
  path: Assets/Potions/Debuff/Damage/Damage Flat/Planta e Ar Ruim.asset
  artifactKey: Guid(6c0bb038bea193d4aaa3488a4d83fc10) Importer(815301076,1909f56bfc062723c751e8b465ee728b)
Start importing Assets/Potions/Debuff/Damage/Damage Flat/Planta e Ar Ruim.asset using Guid(6c0bb038bea193d4aaa3488a4d83fc10) Importer(815301076,1909f56bfc062723c751e8b465ee728b)  -> (artifact id: '7be82bf6ee6533f96bd7aa04bc6227c2') in 0.009015 seconds 
  Import took 0.012981 seconds .

========================================================================
Received Import Request.
  Time since last request: 0.000377 seconds.
  path: Assets/Potions/Debuff/Damage/Damage Flat/Fogo e Raio Ruim.asset
  artifactKey: Guid(746928aa6a8de2845bb5570ae5208b4d) Importer(815301076,1909f56bfc062723c751e8b465ee728b)
Start importing Assets/Potions/Debuff/Damage/Damage Flat/Fogo e Raio Ruim.asset using Guid(746928aa6a8de2845bb5570ae5208b4d) Importer(815301076,1909f56bfc062723c751e8b465ee728b)  -> (artifact id: 'd3a9d11f249e95771ebb228a465d6e81') in 0.016555 seconds 
  Import took 0.021229 seconds .

========================================================================
Received Import Request.
  Time since last request: 0.000277 seconds.
  path: Assets/Potions/Debuff/Damage/Damage Flat/Ar e Terra Ruim.asset
  artifactKey: Guid(a858f3472f057bd4f8e9cbc354768935) Importer(815301076,1909f56bfc062723c751e8b465ee728b)
Start importing Assets/Potions/Debuff/Damage/Damage Flat/Ar e Terra Ruim.asset using Guid(a858f3472f057bd4f8e9cbc354768935) Importer(815301076,1909f56bfc062723c751e8b465ee728b)  -> (artifact id: 'aedf5cafad10f27e91c46824f6581465') in 0.010221 seconds 
  Import took 0.013945 seconds .

========================================================================
Received Import Request.
  Time since last request: 0.000262 seconds.
  path: Assets/Potions/Debuff/Damage/Damage Flat/Planta e Terra Ruim.asset
  artifactKey: Guid(ea3d9039543b2c048bcbadd505a61350) Importer(815301076,1909f56bfc062723c751e8b465ee728b)
Start importing Assets/Potions/Debuff/Damage/Damage Flat/Planta e Terra Ruim.asset using Guid(ea3d9039543b2c048bcbadd505a61350) Importer(815301076,1909f56bfc062723c751e8b465ee728b)  -> (artifact id: '3065034f51abdb1ca4e6c604f92f0c9f') in 0.009431 seconds 
  Import took 0.014100 seconds .

========================================================================
Received Import Request.
  Time since last request: 0.000318 seconds.
  path: Assets/Potions/Debuff/Damage/Damage Flat/Ar e Fogo Ruim.asset
  artifactKey: Guid(c7349da65d252284e827a53fe7dee6e1) Importer(815301076,1909f56bfc062723c751e8b465ee728b)
Start importing Assets/Potions/Debuff/Damage/Damage Flat/Ar e Fogo Ruim.asset using Guid(c7349da65d252284e827a53fe7dee6e1) Importer(815301076,1909f56bfc062723c751e8b465ee728b)  -> (artifact id: 'cf687dafa7f58ff5d630a134a35bbf77') in 0.008005 seconds 
  Import took 0.011734 seconds .

========================================================================
Received Import Request.
  Time since last request: 48.878059 seconds.
  path: Assets/Potions/Debuff/Damage/Dmg %/Agua e Agua Ruim.asset
  artifactKey: Guid(2bec6e03f1250d043958cf6a35155e53) Importer(815301076,1909f56bfc062723c751e8b465ee728b)
Start importing Assets/Potions/Debuff/Damage/Dmg %/Agua e Agua Ruim.asset using Guid(2bec6e03f1250d043958cf6a35155e53) Importer(815301076,1909f56bfc062723c751e8b465ee728b)  -> (artifact id: 'f258eaf9259d9eb16f00c337d6f542dc') in 0.023560 seconds 
  Import took 0.028977 seconds .

========================================================================
Received Import Request.
  Time since last request: 0.000359 seconds.
  path: Assets/Potions/Debuff/Damage/Dmg %/Planta e Planta Ruim.asset
  artifactKey: Guid(4e59b05613aa74d43b1aef67c52ec89e) Importer(815301076,1909f56bfc062723c751e8b465ee728b)
Start importing Assets/Potions/Debuff/Damage/Dmg %/Planta e Planta Ruim.asset using Guid(4e59b05613aa74d43b1aef67c52ec89e) Importer(815301076,1909f56bfc062723c751e8b465ee728b)  -> (artifact id: 'b08d8270f1ef8e7dfd781c1e79be70af') in 0.011443 seconds 
  Import took 0.016034 seconds .

========================================================================
Received Import Request.
  Time since last request: 0.000318 seconds.
  path: Assets/Potions/Debuff/Damage/Dmg %/Damage % Delt.asset
  artifactKey: Guid(a83acd03cf8e7724aa70aede45af2bca) Importer(815301076,1909f56bfc062723c751e8b465ee728b)
Start importing Assets/Potions/Debuff/Damage/Dmg %/Damage % Delt.asset using Guid(a83acd03cf8e7724aa70aede45af2bca) Importer(815301076,1909f56bfc062723c751e8b465ee728b)  -> (artifact id: '5a92fe4f7a87c1d4b251abdf47d741ea') in 0.012710 seconds 
  Import took 0.016873 seconds .

========================================================================
Received Import Request.
  Time since last request: 0.000306 seconds.
  path: Assets/Potions/Debuff/Damage/Dmg %/Fogo e Fogo Ruim.asset
  artifactKey: Guid(971fd83aad154b54087d1c8c74f39537) Importer(815301076,1909f56bfc062723c751e8b465ee728b)
Start importing Assets/Potions/Debuff/Damage/Dmg %/Fogo e Fogo Ruim.asset using Guid(971fd83aad154b54087d1c8c74f39537) Importer(815301076,1909f56bfc062723c751e8b465ee728b)  -> (artifact id: '4b41f4a27b160a844cafed788e1fed56') in 0.010876 seconds 
  Import took 0.014750 seconds .

========================================================================
Received Import Request.
  Time since last request: 921.456157 seconds.
  path: Assets/Sprites
  artifactKey: Guid(f062942c13578ce44b06a993f2eba93e) Importer(815301076,1909f56bfc062723c751e8b465ee728b)
Start importing Assets/Sprites using Guid(f062942c13578ce44b06a993f2eba93e) Importer(815301076,1909f56bfc062723c751e8b465ee728b)  -> (artifact id: 'ba6452e4b4c1641ca384c5792e122f64') in 0.007841 seconds 
  Import took 0.012179 seconds .

========================================================================
Received Import Request.
  Time since last request: 0.054996 seconds.
  path: Assets/Sprites/Itens.png
  artifactKey: Guid(82fdab8c0d7f3454390218649118c23c) Importer(815301076,1909f56bfc062723c751e8b465ee728b)
Start importing Assets/Sprites/Itens.png using Guid(82fdab8c0d7f3454390218649118c23c) Importer(815301076,1909f56bfc062723c751e8b465ee728b)  -> (artifact id: '2deb3d743a692324c6c70ff0cea69541') in 0.110845 seconds 
  Import took 0.114630 seconds .

========================================================================
Received Import Request.
  Time since last request: 0.000389 seconds.
  path: Assets/Sprites/PotLiquido.png
  artifactKey: Guid(96eb7ccec312d554f955d577c08a3175) Importer(815301076,1909f56bfc062723c751e8b465ee728b)
Start importing Assets/Sprites/PotLiquido.png using Guid(96eb7ccec312d554f955d577c08a3175) Importer(815301076,1909f56bfc062723c751e8b465ee728b)  -> (artifact id: '65e1898719663c846780bc19ae2dc868') in 0.026566 seconds 
  Import took 0.029738 seconds .

========================================================================
Received Import Request.
  Time since last request: 0.000403 seconds.
  path: Assets/Sprites/PotVazia.png
  artifactKey: Guid(549ae14ddbf40964398674fcd63864e3) Importer(815301076,1909f56bfc062723c751e8b465ee728b)
Start importing Assets/Sprites/PotVazia.png using Guid(549ae14ddbf40964398674fcd63864e3) Importer(815301076,1909f56bfc062723c751e8b465ee728b)  -> (artifact id: '8fbf131fbecc269d0a64e93376449cf7') in 0.023869 seconds 
  Import took 0.027193 seconds .

========================================================================
Received Import Request.
  Time since last request: 3.970231 seconds.
  path: Assets/Prefabs
  artifactKey: Guid(8038e4c9f8c9009499ba75cc2a3142da) Importer(815301076,1909f56bfc062723c751e8b465ee728b)
Start importing Assets/Prefabs using Guid(8038e4c9f8c9009499ba75cc2a3142da) Importer(815301076,1909f56bfc062723c751e8b465ee728b)  -> (artifact id: '13d4490700e87f83bf14fad8594c541b') in 0.007396 seconds 
  Import took 0.011004 seconds .

========================================================================
Received Import Request.
  Time since last request: 0.065553 seconds.
  path: Assets/Prefabs/Canvas.prefab
  artifactKey: Guid(3ac82c688fb398e4f8c18b548b5e2a0d) Importer(815301076,1909f56bfc062723c751e8b465ee728b)
Start importing Assets/Prefabs/Canvas.prefab using Guid(3ac82c688fb398e4f8c18b548b5e2a0d) Importer(815301076,1909f56bfc062723c751e8b465ee728b)  -> (artifact id: '679a49807251ac7e1d137799ecbf0edf') in 0.039910 seconds 
  Import took 0.044034 seconds .

========================================================================
Received Import Request.
  Time since last request: 0.000346 seconds.
  path: Assets/Prefabs/PotVazia_0.prefab
  artifactKey: Guid(3c296fe5146e17242936cb430625e060) Importer(815301076,1909f56bfc062723c751e8b465ee728b)
Start importing Assets/Prefabs/PotVazia_0.prefab using Guid(3c296fe5146e17242936cb430625e060) Importer(815301076,1909f56bfc062723c751e8b465ee728b)  -> (artifact id: 'bf941989e583174c97d9f4645f7fa40b') in 0.035998 seconds 
  Import took 0.039611 seconds .

========================================================================
Received Import Request.
  Time since last request: 0.000296 seconds.
  path: Assets/Prefabs/Particle System.prefab
  artifactKey: Guid(ae47681b285c04b49b7100db54b42a4e) Importer(815301076,1909f56bfc062723c751e8b465ee728b)
Start importing Assets/Prefabs/Particle System.prefab using Guid(ae47681b285c04b49b7100db54b42a4e) Importer(815301076,1909f56bfc062723c751e8b465ee728b)  -> (artifact id: 'dbf71b13bad4545b54715d4ad7dfc43d') in 0.022840 seconds 
  Import took 0.026550 seconds .

========================================================================
Received Import Request.
  Time since last request: 0.000401 seconds.
  path: Assets/Prefabs/PotVazia_1.prefab
  artifactKey: Guid(9a7c06ea47ef7e141b18b154c1307834) Importer(815301076,1909f56bfc062723c751e8b465ee728b)
Start importing Assets/Prefabs/PotVazia_1.prefab using Guid(9a7c06ea47ef7e141b18b154c1307834) Importer(815301076,1909f56bfc062723c751e8b465ee728b)  -> (artifact id: 'd55d566af3ca823b53c6dbe3ba9d4215') in 0.018487 seconds 
  Import took 0.022424 seconds .

========================================================================
Received Import Request.
  Time since last request: 30.281972 seconds.
  path: Assets/Prefabs/PotVazia_0.prefab
  artifactKey: Guid(3c296fe5146e17242936cb430625e060) Importer(815301076,1909f56bfc062723c751e8b465ee728b)
Start importing Assets/Prefabs/PotVazia_0.prefab using Guid(3c296fe5146e17242936cb430625e060) Importer(815301076,1909f56bfc062723c751e8b465ee728b)  -> (artifact id: '8c497db957a9681b82fddc88c5479998') in 0.017292 seconds 
  Import took 0.021899 seconds .

========================================================================
Received Import Request.
  Time since last request: 0.365453 seconds.
  path: Assets/Prefabs/PotVazia_0.prefab
  artifactKey: Guid(3c296fe5146e17242936cb430625e060) Importer(815301076,1909f56bfc062723c751e8b465ee728b)
Start importing Assets/Prefabs/PotVazia_0.prefab using Guid(3c296fe5146e17242936cb430625e060) Importer(815301076,1909f56bfc062723c751e8b465ee728b)  -> (artifact id: '290fff7a6841bc16ca9ffe1e396c1760') in 0.014369 seconds 
  Import took 0.019089 seconds .

========================================================================
Received Prepare
Registering precompiled user dll's ...
Registered in 0.004535 seconds.
Begin MonoManager ReloadAssembly
Native extension for WindowsStandalone target not found
Refreshing native plugins compatible for Editor in 0.58 ms, found 3 plugins.
Preloading 0 native plugins for Editor in 0.00 ms.
Mono: successfully reloaded assembly
- Completed reload, in  1.120 seconds
Domain Reload Profiling:
	ReloadAssembly (1120ms)
		BeginReloadAssembly (147ms)
			ExecutionOrderSort (0ms)
			DisableScriptedObjects (7ms)
			BackupInstance (0ms)
			ReleaseScriptingObjects (0ms)
			CreateAndSetChildDomain (45ms)
		EndReloadAssembly (902ms)
			LoadAssemblies (100ms)
			RebuildTransferFunctionScriptingTraits (0ms)
			SetupTypeCache (313ms)
			ReleaseScriptCaches (1ms)
			RebuildScriptCaches (45ms)
			SetupLoadedEditorAssemblies (336ms)
				LogAssemblyErrors (0ms)
				InitializePlatformSupportModulesInManaged (5ms)
				SetLoadedEditorAssemblies (0ms)
				RefreshPlugins (1ms)
				BeforeProcessingInitializeOnLoad (93ms)
				ProcessInitializeOnLoadAttributes (222ms)
				ProcessInitializeOnLoadMethodAttributes (7ms)
				AfterProcessingInitializeOnLoad (8ms)
				EditorAssembliesLoaded (0ms)
			ExecutionOrderSort2 (0ms)
			AwakeInstancesAfterBackupRestoration (12ms)
Platform modules already initialized, skipping
Refreshing native plugins compatible for Editor in 0.50 ms, found 3 plugins.
Preloading 0 native plugins for Editor in 0.00 ms.
Unloading 2273 Unused Serialized files (Serialized files now loaded: 0)
System memory in use before: 121.6 MB.
System memory in use after: 121.8 MB.

Unloading 20 unused Assets to reduce memory usage. Loaded Objects now: 2769.
Total: 3.709100 ms (FindLiveObjects: 0.216700 ms CreateObjectMapping: 0.107100 ms MarkObjects: 3.291100 ms  DeleteObjects: 0.093400 ms)

AssetImportParameters requested are different than current active one (requested -> active):
  custom:framework-win-MediaFoundation: 216162199b28c13a410421893ffa2e32 -> 
  custom:video-decoder-ogg-theora: a1e56fd34408186e4bbccfd4996cb3dc -> 
  custom:container-muxer-webm: aa71ff27fc2769a1b78a27578f13a17b -> 
  custom:container-demuxer-webm: 4f35f7cbe854078d1ac9338744f61a02 -> 
  custom:container-demuxer-ogg: 62fdf1f143b41e24485cea50d1cbac27 -> 
  custom:video-encoder-webm-vp8: eb34c28f22e8b96e1ab97ce403110664 -> 
  custom:video-decoder-webm-vp8: 9c59270c3fd7afecdb556c50c9e8de78 -> 
  custom:audio-decoder-ogg-vorbis: bf7c407c2cedff20999df2af8eb42d56 -> 
  custom:audio-encoder-webm-vorbis: bf7c407c2cedff20999df2af8eb42d56 -> 
========================================================================
Received Prepare
Registering precompiled user dll's ...
Registered in 0.004817 seconds.
Begin MonoManager ReloadAssembly
Native extension for WindowsStandalone target not found
Refreshing native plugins compatible for Editor in 0.46 ms, found 3 plugins.
Preloading 0 native plugins for Editor in 0.00 ms.
Mono: successfully reloaded assembly
- Completed reload, in  1.094 seconds
Domain Reload Profiling:
	ReloadAssembly (1095ms)
		BeginReloadAssembly (130ms)
			ExecutionOrderSort (0ms)
			DisableScriptedObjects (6ms)
			BackupInstance (0ms)
			ReleaseScriptingObjects (0ms)
			CreateAndSetChildDomain (39ms)
		EndReloadAssembly (894ms)
			LoadAssemblies (99ms)
			RebuildTransferFunctionScriptingTraits (0ms)
			SetupTypeCache (320ms)
			ReleaseScriptCaches (1ms)
			RebuildScriptCaches (46ms)
			SetupLoadedEditorAssemblies (327ms)
				LogAssemblyErrors (0ms)
				InitializePlatformSupportModulesInManaged (5ms)
				SetLoadedEditorAssemblies (0ms)
				RefreshPlugins (1ms)
				BeforeProcessingInitializeOnLoad (91ms)
				ProcessInitializeOnLoadAttributes (214ms)
				ProcessInitializeOnLoadMethodAttributes (6ms)
				AfterProcessingInitializeOnLoad (9ms)
				EditorAssembliesLoaded (0ms)
			ExecutionOrderSort2 (0ms)
			AwakeInstancesAfterBackupRestoration (12ms)
Platform modules already initialized, skipping
Refreshing native plugins compatible for Editor in 0.50 ms, found 3 plugins.
Preloading 0 native plugins for Editor in 0.00 ms.
Unloading 2273 Unused Serialized files (Serialized files now loaded: 0)
System memory in use before: 121.6 MB.
System memory in use after: 121.8 MB.

Unloading 17 unused Assets to reduce memory usage. Loaded Objects now: 2772.
Total: 3.711900 ms (FindLiveObjects: 0.350800 ms CreateObjectMapping: 0.130700 ms MarkObjects: 3.211300 ms  DeleteObjects: 0.018100 ms)

AssetImportParameters requested are different than current active one (requested -> active):
  custom:framework-win-MediaFoundation: 216162199b28c13a410421893ffa2e32 -> 
  custom:video-decoder-ogg-theora: a1e56fd34408186e4bbccfd4996cb3dc -> 
  custom:container-muxer-webm: aa71ff27fc2769a1b78a27578f13a17b -> 
  custom:container-demuxer-webm: 4f35f7cbe854078d1ac9338744f61a02 -> 
  custom:container-demuxer-ogg: 62fdf1f143b41e24485cea50d1cbac27 -> 
  custom:video-encoder-webm-vp8: eb34c28f22e8b96e1ab97ce403110664 -> 
  custom:video-decoder-webm-vp8: 9c59270c3fd7afecdb556c50c9e8de78 -> 
  custom:audio-decoder-ogg-vorbis: bf7c407c2cedff20999df2af8eb42d56 -> 
  custom:audio-encoder-webm-vorbis: bf7c407c2cedff20999df2af8eb42d56 -> 
========================================================================
Received Import Request.
  Time since last request: 528.301872 seconds.
  path: Assets/Prefabs/PotVazia_1.prefab
  artifactKey: Guid(9a7c06ea47ef7e141b18b154c1307834) Importer(815301076,1909f56bfc062723c751e8b465ee728b)
Start importing Assets/Prefabs/PotVazia_1.prefab using Guid(9a7c06ea47ef7e141b18b154c1307834) Importer(815301076,1909f56bfc062723c751e8b465ee728b)  -> (artifact id: 'b7dccf33625b574381e6da5bd445b09a') in 0.059922 seconds 
  Import took 0.063728 seconds .

========================================================================
Received Import Request.
  Time since last request: 8.180428 seconds.
  path: Assets/Prefabs/PotVazia_0.prefab
  artifactKey: Guid(3c296fe5146e17242936cb430625e060) Importer(815301076,1909f56bfc062723c751e8b465ee728b)
Start importing Assets/Prefabs/PotVazia_0.prefab using Guid(3c296fe5146e17242936cb430625e060) Importer(815301076,1909f56bfc062723c751e8b465ee728b)  -> (artifact id: '42b86c38c6e13f8a7a9a79a2b55d7fba') in 0.011956 seconds 
  Import took 0.016910 seconds .

========================================================================
Received Prepare
Registering precompiled user dll's ...
Registered in 0.004996 seconds.
Begin MonoManager ReloadAssembly
Native extension for WindowsStandalone target not found
Refreshing native plugins compatible for Editor in 0.49 ms, found 3 plugins.
Preloading 0 native plugins for Editor in 0.00 ms.
Mono: successfully reloaded assembly
- Completed reload, in  1.136 seconds
Domain Reload Profiling:
	ReloadAssembly (1137ms)
		BeginReloadAssembly (127ms)
			ExecutionOrderSort (0ms)
			DisableScriptedObjects (6ms)
			BackupInstance (0ms)
			ReleaseScriptingObjects (0ms)
			CreateAndSetChildDomain (40ms)
		EndReloadAssembly (931ms)
			LoadAssemblies (108ms)
			RebuildTransferFunctionScriptingTraits (0ms)
			SetupTypeCache (334ms)
			ReleaseScriptCaches (1ms)
			RebuildScriptCaches (46ms)
			SetupLoadedEditorAssemblies (329ms)
				LogAssemblyErrors (0ms)
				InitializePlatformSupportModulesInManaged (6ms)
				SetLoadedEditorAssemblies (1ms)
				RefreshPlugins (1ms)
				BeforeProcessingInitializeOnLoad (94ms)
				ProcessInitializeOnLoadAttributes (213ms)
				ProcessInitializeOnLoadMethodAttributes (7ms)
				AfterProcessingInitializeOnLoad (8ms)
				EditorAssembliesLoaded (0ms)
			ExecutionOrderSort2 (0ms)
			AwakeInstancesAfterBackupRestoration (13ms)
Platform modules already initialized, skipping
Refreshing native plugins compatible for Editor in 0.51 ms, found 3 plugins.
Preloading 0 native plugins for Editor in 0.00 ms.
Unloading 2273 Unused Serialized files (Serialized files now loaded: 0)
System memory in use before: 121.6 MB.
System memory in use after: 121.9 MB.

Unloading 17 unused Assets to reduce memory usage. Loaded Objects now: 2776.
Total: 3.407900 ms (FindLiveObjects: 0.198400 ms CreateObjectMapping: 0.112000 ms MarkObjects: 3.066900 ms  DeleteObjects: 0.029700 ms)

AssetImportParameters requested are different than current active one (requested -> active):
  custom:framework-win-MediaFoundation: 216162199b28c13a410421893ffa2e32 -> 
  custom:video-decoder-ogg-theora: a1e56fd34408186e4bbccfd4996cb3dc -> 
  custom:container-muxer-webm: aa71ff27fc2769a1b78a27578f13a17b -> 
  custom:container-demuxer-webm: 4f35f7cbe854078d1ac9338744f61a02 -> 
  custom:container-demuxer-ogg: 62fdf1f143b41e24485cea50d1cbac27 -> 
  custom:video-encoder-webm-vp8: eb34c28f22e8b96e1ab97ce403110664 -> 
  custom:video-decoder-webm-vp8: 9c59270c3fd7afecdb556c50c9e8de78 -> 
  custom:audio-decoder-ogg-vorbis: bf7c407c2cedff20999df2af8eb42d56 -> 
  custom:audio-encoder-webm-vorbis: bf7c407c2cedff20999df2af8eb42d56 -> 
========================================================================
Received Import Request.
  Time since last request: 47.642117 seconds.
  path: Assets/Scripts/PotionSystem
  artifactKey: Guid(e4eb9a6d1ba1b514097c8366c48c42fa) Importer(815301076,1909f56bfc062723c751e8b465ee728b)
Start importing Assets/Scripts/PotionSystem using Guid(e4eb9a6d1ba1b514097c8366c48c42fa) Importer(815301076,1909f56bfc062723c751e8b465ee728b)  -> (artifact id: '5de388c526987009cb718cca4e0ab30a') in 0.010466 seconds 
  Import took 0.014293 seconds .

========================================================================
Received Import Request.
  Time since last request: 1.452889 seconds.
  path: Assets/Scripts/PotionSystem/PotionResult.cs
  artifactKey: Guid(654b11f0e0f77df4f936bfbc82cc921b) Importer(815301076,1909f56bfc062723c751e8b465ee728b)
Start importing Assets/Scripts/PotionSystem/PotionResult.cs using Guid(654b11f0e0f77df4f936bfbc82cc921b) Importer(815301076,1909f56bfc062723c751e8b465ee728b)  -> (artifact id: 'e10f3f1c688d7171aa3ef57fafa3332e') in 0.012447 seconds 
  Import took 0.016148 seconds .

========================================================================
Received Prepare
Registering precompiled user dll's ...
Registered in 0.004920 seconds.
Begin MonoManager ReloadAssembly
Native extension for WindowsStandalone target not found
Refreshing native plugins compatible for Editor in 0.50 ms, found 3 plugins.
Preloading 0 native plugins for Editor in 0.00 ms.
Mono: successfully reloaded assembly
- Completed reload, in  1.113 seconds
Domain Reload Profiling:
	ReloadAssembly (1114ms)
		BeginReloadAssembly (125ms)
			ExecutionOrderSort (0ms)
			DisableScriptedObjects (6ms)
			BackupInstance (0ms)
			ReleaseScriptingObjects (0ms)
			CreateAndSetChildDomain (43ms)
		EndReloadAssembly (916ms)
			LoadAssemblies (105ms)
			RebuildTransferFunctionScriptingTraits (0ms)
			SetupTypeCache (324ms)
			ReleaseScriptCaches (1ms)
			RebuildScriptCaches (53ms)
			SetupLoadedEditorAssemblies (325ms)
				LogAssemblyErrors (0ms)
				InitializePlatformSupportModulesInManaged (5ms)
				SetLoadedEditorAssemblies (0ms)
				RefreshPlugins (1ms)
				BeforeProcessingInitializeOnLoad (93ms)
				ProcessInitializeOnLoadAttributes (209ms)
				ProcessInitializeOnLoadMethodAttributes (7ms)
				AfterProcessingInitializeOnLoad (10ms)
				EditorAssembliesLoaded (0ms)
			ExecutionOrderSort2 (0ms)
			AwakeInstancesAfterBackupRestoration (11ms)
Platform modules already initialized, skipping
Refreshing native plugins compatible for Editor in 0.50 ms, found 3 plugins.
Preloading 0 native plugins for Editor in 0.00 ms.
Unloading 2273 Unused Serialized files (Serialized files now loaded: 0)
System memory in use before: 121.7 MB.
System memory in use after: 121.9 MB.

Unloading 17 unused Assets to reduce memory usage. Loaded Objects now: 2779.
Total: 3.321900 ms (FindLiveObjects: 0.208900 ms CreateObjectMapping: 0.100000 ms MarkObjects: 2.970700 ms  DeleteObjects: 0.041700 ms)

AssetImportParameters requested are different than current active one (requested -> active):
  custom:framework-win-MediaFoundation: 216162199b28c13a410421893ffa2e32 -> 
  custom:video-decoder-ogg-theora: a1e56fd34408186e4bbccfd4996cb3dc -> 
  custom:container-muxer-webm: aa71ff27fc2769a1b78a27578f13a17b -> 
  custom:container-demuxer-webm: 4f35f7cbe854078d1ac9338744f61a02 -> 
  custom:container-demuxer-ogg: 62fdf1f143b41e24485cea50d1cbac27 -> 
  custom:video-encoder-webm-vp8: eb34c28f22e8b96e1ab97ce403110664 -> 
  custom:video-decoder-webm-vp8: 9c59270c3fd7afecdb556c50c9e8de78 -> 
  custom:audio-decoder-ogg-vorbis: bf7c407c2cedff20999df2af8eb42d56 -> 
  custom:audio-encoder-webm-vorbis: bf7c407c2cedff20999df2af8eb42d56 -> 
========================================================================
Received Import Request.
  Time since last request: 19.197739 seconds.
  path: Assets/Scripts/PotionSystem/PotionResult.cs
  artifactKey: Guid(654b11f0e0f77df4f936bfbc82cc921b) Importer(815301076,1909f56bfc062723c751e8b465ee728b)
Start importing Assets/Scripts/PotionSystem/PotionResult.cs using Guid(654b11f0e0f77df4f936bfbc82cc921b) Importer(815301076,1909f56bfc062723c751e8b465ee728b)  -> (artifact id: '629d6bdac8821dc79f33184568090847') in 0.005046 seconds 
  Import took 0.008555 seconds .

========================================================================
Received Import Request.
  Time since last request: 15.652904 seconds.
  path: Assets/Potions/Ingredient/Bom/Agua Bom.asset
  artifactKey: Guid(0ccf633fca0626143b2b36c9e32e3a58) Importer(815301076,1909f56bfc062723c751e8b465ee728b)
Start importing Assets/Potions/Ingredient/Bom/Agua Bom.asset using Guid(0ccf633fca0626143b2b36c9e32e3a58) Importer(815301076,1909f56bfc062723c751e8b465ee728b)  -> (artifact id: 'c228ae59cd24c85112f9e912ea4b9675') in 0.018260 seconds 
  Import took 0.022410 seconds .

========================================================================
Received Import Request.
  Time since last request: 0.000349 seconds.
  path: Assets/Potions/Ingredient/Bom/Ar bom.asset
  artifactKey: Guid(5e614aaf0e33ccd4ba18991ef623e601) Importer(815301076,1909f56bfc062723c751e8b465ee728b)
Start importing Assets/Potions/Ingredient/Bom/Ar bom.asset using Guid(5e614aaf0e33ccd4ba18991ef623e601) Importer(815301076,1909f56bfc062723c751e8b465ee728b)  -> (artifact id: '2f93d8c5e3fa4006e8de404aa1207b91') in 0.009892 seconds 
  Import took 0.013667 seconds .

========================================================================
Received Import Request.
  Time since last request: 0.000274 seconds.
  path: Assets/Potions/Debuff/Stun/Ar e Ar Ruim.asset
  artifactKey: Guid(64652e87f9cb1d848ab14b87f1d2064b) Importer(815301076,1909f56bfc062723c751e8b465ee728b)
Start importing Assets/Potions/Debuff/Stun/Ar e Ar Ruim.asset using Guid(64652e87f9cb1d848ab14b87f1d2064b) Importer(815301076,1909f56bfc062723c751e8b465ee728b)  -> (artifact id: '5372a1d9605f76cfe2fe0ce53d47246a') in 0.009649 seconds 
  Import took 0.014114 seconds .

========================================================================
Received Import Request.
  Time since last request: 0.000268 seconds.
  path: Assets/Potions/Buff/Speed/Double Atk/Ar e Ar Bom.asset
  artifactKey: Guid(5a672dca3d81a064f9c4dede93242f58) Importer(815301076,1909f56bfc062723c751e8b465ee728b)
Start importing Assets/Potions/Buff/Speed/Double Atk/Ar e Ar Bom.asset using Guid(5a672dca3d81a064f9c4dede93242f58) Importer(815301076,1909f56bfc062723c751e8b465ee728b)  -> (artifact id: '61f68f7f5bf52fa166f4c6d7706ddba8') in 0.019375 seconds 
  Import took 0.023528 seconds .

========================================================================
Received Import Request.
  Time since last request: 0.000329 seconds.
  path: Assets/Potions/Buff/Defense/Evade/Agua e Agua Bom.asset
  artifactKey: Guid(73e804e7dfab85848bedf61673114266) Importer(815301076,1909f56bfc062723c751e8b465ee728b)
Start importing Assets/Potions/Buff/Defense/Evade/Agua e Agua Bom.asset using Guid(73e804e7dfab85848bedf61673114266) Importer(815301076,1909f56bfc062723c751e8b465ee728b)  -> (artifact id: 'dd76d8bbef59b39b4f76f843d949a46b') in 0.009769 seconds 
  Import took 0.013812 seconds .

========================================================================
Received Import Request.
  Time since last request: 0.000342 seconds.
  path: Assets/Potions/Buff/Speed/Spd Bonus/Ar e Raio Bom.asset
  artifactKey: Guid(3bbbf034c17a43d47aa52adf3c81d247) Importer(815301076,1909f56bfc062723c751e8b465ee728b)
Start importing Assets/Potions/Buff/Speed/Spd Bonus/Ar e Raio Bom.asset using Guid(3bbbf034c17a43d47aa52adf3c81d247) Importer(815301076,1909f56bfc062723c751e8b465ee728b)  -> (artifact id: '851b9f44ae2ddb986cebba545fc960d1') in 0.010152 seconds 
  Import took 0.014204 seconds .

========================================================================
Received Import Request.
  Time since last request: 0.000307 seconds.
  path: Assets/Potions/Buff/Defense/Def Flat/Agua e Terra Bom.asset
  artifactKey: Guid(9733c07658fd14d449216d966b987323) Importer(815301076,1909f56bfc062723c751e8b465ee728b)
Start importing Assets/Potions/Buff/Defense/Def Flat/Agua e Terra Bom.asset using Guid(9733c07658fd14d449216d966b987323) Importer(815301076,1909f56bfc062723c751e8b465ee728b)  -> (artifact id: '5252f9fe0c507c4244071991966d7454') in 0.009088 seconds 
  Import took 0.013216 seconds .

========================================================================
Received Import Request.
  Time since last request: 0.000217 seconds.
  path: Assets/Potions/Buff/Damage/Flat Bonus/Ar e Fogo Bom.asset
  artifactKey: Guid(23f414b3aa7fd4f43a3a071932d4dadc) Importer(815301076,1909f56bfc062723c751e8b465ee728b)
Start importing Assets/Potions/Buff/Damage/Flat Bonus/Ar e Fogo Bom.asset using Guid(23f414b3aa7fd4f43a3a071932d4dadc) Importer(815301076,1909f56bfc062723c751e8b465ee728b)  -> (artifact id: '063508fa245f83e6413f8470f08cee95') in 0.009684 seconds 
  Import took 0.014516 seconds .

========================================================================
Received Import Request.
  Time since last request: 0.000342 seconds.
  path: Assets/Potions/Buff/Defense/Evade/Ar e Agua Bom.asset
  artifactKey: Guid(fb15450d7ad706846b7985e1a1dfd308) Importer(815301076,1909f56bfc062723c751e8b465ee728b)
Start importing Assets/Potions/Buff/Defense/Evade/Ar e Agua Bom.asset using Guid(fb15450d7ad706846b7985e1a1dfd308) Importer(815301076,1909f56bfc062723c751e8b465ee728b)  -> (artifact id: '6f330ebd46b951353e5127bc753daa06') in 0.009229 seconds 
  Import took 0.013083 seconds .

========================================================================
Received Import Request.
  Time since last request: 0.000091 seconds.
  path: Assets/Potions/Ingredient/Agua Ruim.asset
  artifactKey: Guid(1a5c8aa167c736f45bd271c1c375e8d5) Importer(815301076,1909f56bfc062723c751e8b465ee728b)
Start importing Assets/Potions/Ingredient/Agua Ruim.asset using Guid(1a5c8aa167c736f45bd271c1c375e8d5) Importer(815301076,1909f56bfc062723c751e8b465ee728b)  -> (artifact id: '69d8b8ca0706b01598b189555316f9f0') in 0.008187 seconds 
  Import took 0.011754 seconds .

========================================================================
Received Import Request.
  Time since last request: 1.859096 seconds.
  path: Assets/Potions/Buff/Defense/Def Flat/Ar e Terra Bom.asset
  artifactKey: Guid(a39fa80713d73b04aadde378c9dfea33) Importer(815301076,1909f56bfc062723c751e8b465ee728b)
Start importing Assets/Potions/Buff/Defense/Def Flat/Ar e Terra Bom.asset using Guid(a39fa80713d73b04aadde378c9dfea33) Importer(815301076,1909f56bfc062723c751e8b465ee728b)  -> (artifact id: '985f5162e80f3952303803d7a86864c4') in 0.018149 seconds 
  Import took 0.023262 seconds .

========================================================================
Received Import Request.
  Time since last request: 0.000324 seconds.
  path: Assets/Potions/Buff/Damage/% Bonus/Atk % Up POT.asset
  artifactKey: Guid(744ea7c7a25af234eb3f624b2c1011c2) Importer(815301076,1909f56bfc062723c751e8b465ee728b)
Start importing Assets/Potions/Buff/Damage/% Bonus/Atk % Up POT.asset using Guid(744ea7c7a25af234eb3f624b2c1011c2) Importer(815301076,1909f56bfc062723c751e8b465ee728b)  -> (artifact id: 'e4ec7282633b8e0af9615e41370b3610') in 0.006851 seconds 
  Import took 0.010970 seconds .

========================================================================
Received Import Request.
  Time since last request: 0.000404 seconds.
  path: Assets/Potions/Ingredient/Ar Ruim.asset
  artifactKey: Guid(c369cb8c4a31bbb42acf6f691089a530) Importer(815301076,1909f56bfc062723c751e8b465ee728b)
Start importing Assets/Potions/Ingredient/Ar Ruim.asset using Guid(c369cb8c4a31bbb42acf6f691089a530) Importer(815301076,1909f56bfc062723c751e8b465ee728b)  -> (artifact id: '5e88be7bc61841d51e51fe27ba446e9b') in 0.009076 seconds 
  Import took 0.013593 seconds .

========================================================================
Received Import Request.
  Time since last request: 17.884978 seconds.
  path: Assets/Scripts/ItemsSystem/Potions
  artifactKey: Guid(e96daf60fe43b7843a7a45411f78544f) Importer(815301076,1909f56bfc062723c751e8b465ee728b)
Start importing Assets/Scripts/ItemsSystem/Potions using Guid(e96daf60fe43b7843a7a45411f78544f) Importer(815301076,1909f56bfc062723c751e8b465ee728b)  -> (artifact id: '94565340cf2b25d5be2b8c979dbe5c00') in 0.006743 seconds 
  Import took 0.010502 seconds .

========================================================================
Received Import Request.
  Time since last request: 8.089538 seconds.
  path: Assets/Potions/Buff/Damage/Crit Damage/Crit Dmg Up POT.asset
  artifactKey: Guid(c16cf1f9749575044a065b4f19a7062c) Importer(815301076,1909f56bfc062723c751e8b465ee728b)
Start importing Assets/Potions/Buff/Damage/Crit Damage/Crit Dmg Up POT.asset using Guid(c16cf1f9749575044a065b4f19a7062c) Importer(815301076,1909f56bfc062723c751e8b465ee728b)  -> (artifact id: 'eca04bf1e7299baf20a85abddd205f89') in 0.008293 seconds 
  Import took 0.011889 seconds .

